
May 07, 2019 01:12:19.79 NEW SESSION
May 07, 2019 01:12:19.79 [9840:7056:0507/011219.784:ERROR:textfield.cc(1768)] NOT IMPLEMENTED
May 07, 2019 01:13:03.22 [9840:10344:0507/011303.222:ERROR:browser_process_sub_thread.cc(209)] Waited 5 ms for network service
May 07, 2019 01:14:37.11 [6252:10460:0507/011437.113:ERROR:textfield.cc(1768)] NOT IMPLEMENTED
May 07, 2019 01:16:50.73 [6252:4940:0507/011650.735:ERROR:browser_process_sub_thread.cc(209)] Waited 110 ms for network service
May 07, 2019 01:18:42.57 [10040:4220:0507/011842.570:ERROR:browser_process_sub_thread.cc(209)] Waited 0 ms for network service

May 07, 2019 22:28:07.93 NEW SESSION
May 07, 2019 22:28:07.93 [8928:3352:0507/222807.773:ERROR:browser_process_sub_thread.cc(209)] Waited 26 ms for network service
May 07, 2019 22:35:58.56 [10256:9680:0507/223558.566:ERROR:browser_process_sub_thread.cc(209)] Waited 0 ms for network service
May 07, 2019 22:43:34.11 [6428:10736:0507/224334.110:ERROR:browser_process_sub_thread.cc(209)] Waited 0 ms for network service
May 07, 2019 22:51:37.89 [7224:3532:0507/225137.899:ERROR:browser_process_sub_thread.cc(209)] Waited 171 ms for network service
May 07, 2019 22:55:43.58 [10788:7332:0507/225543.584:ERROR:browser_process_sub_thread.cc(217)] Waited 106 ms for network service
May 07, 2019 23:06:50.40 [9732:2712:0507/230650.407:ERROR:wmi_refresher.cc(137)] Unable to add the Win32_PerfRawData_PerfDisk_PhysicalDisk enum.
May 08, 2019 24:07:23.41 1557254243367	addons.repository	WARN	Search failed when repopulating cache
May 08, 2019 24:07:25.53 1557254245523	addons.update-checker	WARN	onUpdateCheckComplete failed to parse update manifest: [Exception... "Update manifest is missing a required addons property."  nsresult: "0x80004005 (NS_ERROR_FAILURE)"  location: "JS frame :: resource://gre/modules/addons/AddonUpdateChecker.jsm :: getRequiredProperty :: line 471"  data: no] Stack trace: getRequiredProperty()@resource://gre/modules/addons/AddonUpdateChecker.jsm:471 < parseJSONManifest()@resource://gre/modules/addons/AddonUpdateChecker.jsm:481 < UpdateParser.prototype.onLoad/parser()@resource://gre/modules/addons/AddonUpdateChecker.jsm:652 < UpdateParser.prototype.onLoad()@resource://gre/modules/addons/AddonUpdateChecker.jsm:672 < UpdateParser/<()@resource://gre/modules/addons/AddonUpdateChecker.jsm:590
May 08, 2019 24:07:25.56 1557254245581	addons.update-checker	WARN	onUpdateCheckComplete failed to parse update manifest: [Exception... "Update manifest is missing a required addons property."  nsresult: "0x80004005 (NS_ERROR_FAILURE)"  location: "JS frame :: resource://gre/modules/addons/AddonUpdateChecker.jsm :: getRequiredProperty :: line 471"  data: no] Stack trace: getRequiredProperty()@resource://gre/modules/addons/AddonUpdateChecker.jsm:471 < parseJSONManifest()@resource://gre/modules/addons/AddonUpdateChecker.jsm:481 < UpdateParser.prototype.onLoad/parser()@resource://gre/modules/addons/AddonUpdateChecker.jsm:652 < UpdateParser.prototype.onLoad()@resource://gre/modules/addons/AddonUpdateChecker.jsm:672 < UpdateParser/<()@resource://gre/modules/addons/AddonUpdateChecker.jsm:590
May 08, 2019 24:07:25.81 1557254245819	addons.update-checker	WARN	onUpdateCheckComplete failed to parse update manifest: [Exception... "Update manifest is missing a required addons property."  nsresult: "0x80004005 (NS_ERROR_FAILURE)"  location: "JS frame :: resource://gre/modules/addons/AddonUpdateChecker.jsm :: getRequiredProperty :: line 471"  data: no] Stack trace: getRequiredProperty()@resource://gre/modules/addons/AddonUpdateChecker.jsm:471 < parseJSONManifest()@resource://gre/modules/addons/AddonUpdateChecker.jsm:481 < UpdateParser.prototype.onLoad/parser()@resource://gre/modules/addons/AddonUpdateChecker.jsm:652 < UpdateParser.prototype.onLoad()@resource://gre/modules/addons/AddonUpdateChecker.jsm:672 < UpdateParser/<()@resource://gre/modules/addons/AddonUpdateChecker.jsm:590
May 08, 2019 24:07:25.95 1557254245972	addons.update-checker	WARN	onUpdateCheckComplete failed to parse update manifest: [Exception... "Update manifest is missing a required addons property."  nsresult: "0x80004005 (NS_ERROR_FAILURE)"  location: "JS frame :: resource://gre/modules/addons/AddonUpdateChecker.jsm :: getRequiredProperty :: line 471"  data: no] Stack trace: getRequiredProperty()@resource://gre/modules/addons/AddonUpdateChecker.jsm:471 < parseJSONManifest()@resource://gre/modules/addons/AddonUpdateChecker.jsm:481 < UpdateParser.prototype.onLoad/parser()@resource://gre/modules/addons/AddonUpdateChecker.jsm:652 < UpdateParser.prototype.onLoad()@resource://gre/modules/addons/AddonUpdateChecker.jsm:672 < UpdateParser/<()@resource://gre/modules/addons/AddonUpdateChecker.jsm:590
May 08, 2019 24:07:26.30 1557254246304	addons.update-checker	WARN	onUpdateCheckComplete failed to parse update manifest: [Exception... "Update manifest is missing a required addons property."  nsresult: "0x80004005 (NS_ERROR_FAILURE)"  location: "JS frame :: resource://gre/modules/addons/AddonUpdateChecker.jsm :: getRequiredProperty :: line 471"  data: no] Stack trace: getRequiredProperty()@resource://gre/modules/addons/AddonUpdateChecker.jsm:471 < parseJSONManifest()@resource://gre/modules/addons/AddonUpdateChecker.jsm:481 < UpdateParser.prototype.onLoad/parser()@resource://gre/modules/addons/AddonUpdateChecker.jsm:652 < UpdateParser.prototype.onLoad()@resource://gre/modules/addons/AddonUpdateChecker.jsm:672 < UpdateParser/<()@resource://gre/modules/addons/AddonUpdateChecker.jsm:590
May 08, 2019 24:43:51.75 [9732:7904:0508/004351.679:ERROR:CONSOLE(279)] "Failed to execute 'postMessage' on 'DOMWindow': The target origin provided ('http://www.youtube.com') does not match the recipient window's origin ('chrome-search://local-ntp').", source: chrome-search://most-visited/single.js (279)
May 08, 2019 01:39:35.78 [9732:4220:0508/013935.084:ERROR:browser_process_sub_thread.cc(217)] Waited 1750 ms for network service
